<?xml version="1.0" encoding="UTF-8"?>
<!-- Generated by org.testng.reporters.JUnitReportReporter -->
<testsuite hostname="Karthikavi" name="testautomation.homePage" tests="4" failures="0" timestamp="1 Oct 2017 16:46:51 GMT" time="7.677" errors="0">
  <testcase name="verifyUrl" time="4.889" classname="testautomation.homePage"/>
  <testcase name="searchComputerName" time="0.552" classname="testautomation.homePage"/>
  <testcase name="verifyHomePageTittle" time="0.014" classname="testautomation.homePage"/>
  <testcase name="testSetUp" time="2.222" classname="testautomation.homePage"/>
</testsuite> <!-- testautomation.homePage -->
