<?xml version="1.0" encoding="UTF-8"?>
<!-- Generated by org.testng.reporters.JUnitReportReporter -->
<testsuite hostname="Karthikavi" name="testautomation.addComputer" tests="2" failures="0" timestamp="1 Oct 2017 16:46:51 GMT" time="9.974" errors="0">
  <testcase name="newComputer" time="8.798" classname="testautomation.addComputer"/>
  <testcase name="addComputerdetails" time="1.176" classname="testautomation.addComputer"/>
</testsuite> <!-- testautomation.addComputer -->
