<?xml version="1.0" encoding="UTF-8"?>
<!-- Generated by org.testng.reporters.JUnitReportReporter -->
<testsuite hostname="Karthikavi" name="testautomation.EditandDelete" tests="2" failures="0" timestamp="1 Oct 2017 16:46:51 GMT" time="5.436" errors="0">
  <testcase name="deleteComputer" time="1.137" classname="testautomation.EditandDelete"/>
  <testcase name="editComputer" time="4.299" classname="testautomation.EditandDelete"/>
</testsuite> <!-- testautomation.EditandDelete -->
