<?xml version="1.0" encoding="UTF-8"?>
<!-- Generated by org.testng.reporters.JUnitReportReporter -->
<testsuite hostname="Karthikavi" name="testautomation.Basesetup" tests="2" failures="0" timestamp="1 Oct 2017 16:46:51 GMT" time="9.217" errors="0">
  <testcase name="verifyUrl" time="5.682" classname="testautomation.Basesetup"/>
  <testcase name="testSetUp" time="3.535" classname="testautomation.Basesetup"/>
</testsuite> <!-- testautomation.Basesetup -->
